[28/Dec/2020:23:44:53] ENGINE Bus STARTING
[28/Dec/2020:23:44:53] ENGINE Serving on http://127.0.0.1:8080
[28/Dec/2020:23:44:53] ENGINE Bus STARTED
[28/Dec/2020:23:45:04] HTTP 
Traceback (most recent call last):
  File "C:\Python39\lib\site-packages\cherrypy\_cprequest.py", line 638, in respond
    self._do_respond(path_info)
  File "C:\Python39\lib\site-packages\cherrypy\_cprequest.py", line 697, in _do_respond
    response.body = self.handler()
  File "C:\Python39\lib\site-packages\cherrypy\lib\encoding.py", line 219, in __call__
    self.body = self.oldhandler(*args, **kwargs)
  File "C:\Python39\lib\site-packages\cherrypy\_cpdispatch.py", line 54, in __call__
    return self.callable(*self.args, **self.kwargs)
  File "c:\Users\Schne\AppData\Local\Programs\Python\Python37\python-workspace\web\p2\mq\app\application.py", line 15, in index
    return self.create_index()
  File "c:\Users\Schne\AppData\Local\Programs\Python\Python37\python-workspace\web\p2\mq\app\application.py", line 56, in create_index
    return self.view.create_list(None)
  File "c:\Users\Schne\AppData\Local\Programs\Python\Python37\python-workspace\web\p2\mq\app\view.py", line 22, in create_list
    markup = template.render(data = data_param)
  File "C:\Python39\lib\site-packages\mako\template.py", line 476, in render
    return runtime._render(self, self.callable_, args, data)
  File "C:\Python39\lib\site-packages\mako\runtime.py", line 878, in _render
    _render_context(
  File "C:\Python39\lib\site-packages\mako\runtime.py", line 920, in _render_context
    _exec_template(inherit, lclcontext, args=args, kwargs=kwargs)
  File "C:\Python39\lib\site-packages\mako\runtime.py", line 947, in _exec_template
    callable_(context, *args, **kwargs)
  File "list2_tpl", line 29, in render_body
TypeError: 'NoneType' object is not iterable
[28/Dec/2020:23:45:04] HTTP 
Request Headers:
  Remote-Addr: 127.0.0.1
  HOST: 127.0.0.1:8080
  USER-AGENT: Mozilla/5.0 (Windows NT 10.0; Win64; x64; rv:84.0) Gecko/20100101 Firefox/84.0
  ACCEPT: text/html,application/xhtml+xml,application/xml;q=0.9,image/webp,*/*;q=0.8
  ACCEPT-LANGUAGE: en-US,en;q=0.5
  ACCEPT-ENCODING: gzip, deflate
  DNT: 1
  CONNECTION: keep-alive
  UPGRADE-INSECURE-REQUESTS: 1
[28/Dec/2020:23:47:01] ENGINE Bus STARTING
[28/Dec/2020:23:47:01] ENGINE Serving on http://127.0.0.1:8080
[28/Dec/2020:23:47:01] ENGINE Bus STARTED
[28/Dec/2020:23:48:35] ENGINE Bus STARTING
[28/Dec/2020:23:48:35] ENGINE Serving on http://127.0.0.1:8080
[28/Dec/2020:23:48:35] ENGINE Bus STARTED
